<?xml version="1.0" encoding="UTF-8"?>
<!-- Generated by org.testng.reporters.JUnitXMLReporter -->
<testsuite ignored="0" hostname="Taylors-MacBook-Pro-1.local" failures="0" tests="12" name="Testing Home Page" time="320.074" errors="0" timestamp="30 Oct 2018 01:20:59 GMT">
  <testcase classname="tests.CreateNewLineupQuestionsTests" name="verifyCancelButtonisDisplayed" time="23.413"/>
  <testcase classname="tests.CreateNewLineupQuestionsTests" name="verifyNavtigateToCreateLineupPage" time="28.408"/>
  <testcase classname="tests.CreateNewLineupQuestionsTests" name="verifyFirstQuestionisDisplayed" time="29.275"/>
  <testcase classname="tests.CreateNewLineupQuestionsTests" name="verifySecondQuestionisNotDisplayed" time="18.26"/>
  <testcase classname="tests.CreateNewLineupQuestionsTests" name="verifySelectionOfSportRadioButtons" time="53.802"/>
  <testcase classname="tests.CreateNewLineupQuestionsTests" name="verifySecondQuestionisDisplayed" time="13.277"/>
  <testcase classname="tests.CreateNewLineupQuestionsTests" name="verifyThirdQuestionisNotDisplayed" time="12.842"/>
  <testcase classname="tests.CreateNewLineupQuestionsTests" name="verifySelectionOfGameVariantRadioButtons" time="28.296"/>
  <testcase classname="tests.CreateNewLineupQuestionsTests" name="verifyThirdQuestionisDisplayed" time="29.118"/>
  <testcase classname="tests.CreateNewLineupQuestionsTests" name="verifyContinueButtonIsNotDisplayed" time="13.924"/>
  <testcase classname="tests.CreateNewLineupQuestionsTests" name="verifySelectionOfContestStartDateRadioButtons" time="39.062"/>
  <testcase classname="tests.CreateNewLineupQuestionsTests" name="verifyContinueButtonIsDisplayed" time="28.749"/>
</testsuite> <!-- Testing Home Page -->
