<?xml version="1.0" encoding="UTF-8"?>
<!-- Generated by org.testng.reporters.JUnitXMLReporter -->
<testsuite hostname="Taylors-MacBook-Pro-1.local" ignored="0" name="Testing Home Page" tests="12" failures="1" timestamp="30 Oct 2018 00:44:02 GMT" time="33.489" errors="0">
  <testcase name="@AfterMethod closeBrowser" time="0.0" classname="tests.CreateNewLineupQuestionsTests">
    <failure type="java.lang.NullPointerException">
      <![CDATA[java.lang.NullPointerException
	at tests.CreateNewLineupQuestionsTests.closeBrowser(CreateNewLineupQuestionsTests.java:51)
... Removed 31 stack frames]]>
    </failure>
  </testcase> <!-- @AfterMethod closeBrowser -->
  <testcase name="verifyCancelButtonisDisplayed" time="33.315" classname="tests.CreateNewLineupQuestionsTests">
    <failure type="org.openqa.selenium.WebDriverException" message="Timed out waiting for driver server to start.
Build info: version: &amp;apos;3.13.0&amp;apos;, revision: &amp;apos;2f0d292&amp;apos;, time: &amp;apos;2018-06-25T15:24:21.231Z&amp;apos;
System info: host: &amp;apos;Taylors-MacBook-Pro-1.local&amp;apos;, ip: &amp;apos;192.168.1.148&amp;apos;, os.name: &amp;apos;Mac OS X&amp;apos;, os.arch: &amp;apos;x86_64&amp;apos;, os.version: &amp;apos;10.13.1&amp;apos;, java.version: &amp;apos;1.8.0_181&amp;apos;
Driver info: driver.version: ChromeDriver">
      <![CDATA[org.openqa.selenium.WebDriverException: Timed out waiting for driver server to start.
Build info: version: '3.13.0', revision: '2f0d292', time: '2018-06-25T15:24:21.231Z'
System info: host: 'Taylors-MacBook-Pro-1.local', ip: '192.168.1.148', os.name: 'Mac OS X', os.arch: 'x86_64', os.version: '10.13.1', java.version: '1.8.0_181'
Driver info: driver.version: ChromeDriver
	at org.openqa.selenium.remote.service.DriverService.waitUntilAvailable(DriverService.java:193)
	at org.openqa.selenium.remote.service.DriverService.start(DriverService.java:179)
	at org.openqa.selenium.remote.service.DriverCommandExecutor.execute(DriverCommandExecutor.java:79)
	at org.openqa.selenium.remote.RemoteWebDriver.execute(RemoteWebDriver.java:548)
	at org.openqa.selenium.remote.RemoteWebDriver.startSession(RemoteWebDriver.java:212)
	at org.openqa.selenium.remote.RemoteWebDriver.<init>(RemoteWebDriver.java:130)
	at org.openqa.selenium.chrome.ChromeDriver.<init>(ChromeDriver.java:181)
	at org.openqa.selenium.chrome.ChromeDriver.<init>(ChromeDriver.java:168)
	at org.openqa.selenium.chrome.ChromeDriver.<init>(ChromeDriver.java:123)
	at resources.TestBase.initializeDriver(TestBase.java:48)
	at tests.CreateNewLineupQuestionsTests.navigateToCreateNewLineupQuestionsPage(CreateNewLineupQuestionsTests.java:28)
	at tests.CreateNewLineupQuestionsTests.verifyCancelButtonisDisplayed(CreateNewLineupQuestionsTests.java:200)
Caused by: org.openqa.selenium.net.UrlChecker$TimeoutException: Timed out waiting for [http://localhost:46978/status] to be available after 20005 ms
	at org.openqa.selenium.net.UrlChecker.waitUntilAvailable(UrlChecker.java:100)
	at org.openqa.selenium.remote.service.DriverService.waitUntilAvailable(DriverService.java:188)
	... 40 more
Caused by: java.util.concurrent.TimeoutException
	at java.util.concurrent.FutureTask.get(FutureTask.java:205)
	at com.google.common.util.concurrent.SimpleTimeLimiter.callWithTimeout(SimpleTimeLimiter.java:156)
	at org.openqa.selenium.net.UrlChecker.waitUntilAvailable(UrlChecker.java:75)
	... 41 more
... Removed 29 stack frames]]>
    </failure>
  </testcase> <!-- verifyCancelButtonisDisplayed -->
  <testcase name="verifyNavtigateToCreateLineupPage" time="0.001" classname="tests.CreateNewLineupQuestionsTests">
    <skipped/>
  </testcase> <!-- verifyNavtigateToCreateLineupPage -->
  <testcase name="verifyFirstQuestionisDisplayed" time="0.0" classname="tests.CreateNewLineupQuestionsTests">
    <skipped/>
  </testcase> <!-- verifyFirstQuestionisDisplayed -->
  <testcase name="verifySecondQuestionisNotDisplayed" time="0.0" classname="tests.CreateNewLineupQuestionsTests">
    <skipped/>
  </testcase> <!-- verifySecondQuestionisNotDisplayed -->
  <testcase name="verifySelectionOfSportRadioButtons" time="0.0" classname="tests.CreateNewLineupQuestionsTests">
    <skipped/>
  </testcase> <!-- verifySelectionOfSportRadioButtons -->
  <testcase name="verifySecondQuestionisDisplayed" time="0.0" classname="tests.CreateNewLineupQuestionsTests">
    <skipped/>
  </testcase> <!-- verifySecondQuestionisDisplayed -->
  <testcase name="verifyThirdQuestionisNotDisplayed" time="0.0" classname="tests.CreateNewLineupQuestionsTests">
    <skipped/>
  </testcase> <!-- verifyThirdQuestionisNotDisplayed -->
  <testcase name="verifySelectionOfGameVariantRadioButtons" time="0.0" classname="tests.CreateNewLineupQuestionsTests">
    <skipped/>
  </testcase> <!-- verifySelectionOfGameVariantRadioButtons -->
  <testcase name="verifyThirdQuestionisDisplayed" time="0.0" classname="tests.CreateNewLineupQuestionsTests">
    <skipped/>
  </testcase> <!-- verifyThirdQuestionisDisplayed -->
  <testcase name="verifyContinueButtonIsNotDisplayed" time="0.0" classname="tests.CreateNewLineupQuestionsTests">
    <skipped/>
  </testcase> <!-- verifyContinueButtonIsNotDisplayed -->
  <testcase name="verifySelectionOfContestStartDateRadioButtons" time="0.0" classname="tests.CreateNewLineupQuestionsTests">
    <skipped/>
  </testcase> <!-- verifySelectionOfContestStartDateRadioButtons -->
  <testcase name="verifyContinueButtonIsDisplayed" time="0.0" classname="tests.CreateNewLineupQuestionsTests">
    <skipped/>
  </testcase> <!-- verifyContinueButtonIsDisplayed -->
</testsuite> <!-- Testing Home Page -->
