<?xml version="1.0" encoding="UTF-8"?>
<testsuite xmlns:xsi="http://www.w3.org/2001/XMLSchema-instance" xsi:noNamespaceSchemaLocation="https://maven.apache.org/surefire/maven-surefire-plugin/xsd/surefire-test-report.xsd" name="TestSuite" time="51.323" tests="13" errors="0" skipped="11" failures="2">
  <properties>
[...]
</properties>
  <testcase name="verifyCancelButtonisDisplayed" classname="tests.CreateNewLineupQuestionsTests" time="33.416">
    <failure message="Timed out waiting for driver server to start.&#10;Build info: version: &apos;3.13.0&apos;, revision: &apos;2f0d292&apos;, time: &apos;2018-06-25T15:24:21.231Z&apos;&#10;System info: host: &apos;Taylors-MacBook-Pro-1.local&apos;, ip: &apos;192.168.1.148&apos;, os.name: &apos;Mac OS X&apos;, os.arch: &apos;x86_64&apos;, os.version: &apos;10.13.1&apos;, java.version: &apos;1.8.0_181&apos;&#10;Driver info: driver.version: ChromeDriver" type="org.openqa.selenium.WebDriverException">org.openqa.selenium.WebDriverException: 
Timed out waiting for driver server to start.
Build info: version: '3.13.0', revision: '2f0d292', time: '2018-06-25T15:24:21.231Z'
System info: host: 'Taylors-MacBook-Pro-1.local', ip: '192.168.1.148', os.name: 'Mac OS X', os.arch: 'x86_64', os.version: '10.13.1', java.version: '1.8.0_181'
Driver info: driver.version: ChromeDriver
	at tests.CreateNewLineupQuestionsTests.navigateToCreateNewLineupQuestionsPage(CreateNewLineupQuestionsTests.java:28)
	at tests.CreateNewLineupQuestionsTests.verifyCancelButtonisDisplayed(CreateNewLineupQuestionsTests.java:200)
Caused by: org.openqa.selenium.net.UrlChecker$TimeoutException: Timed out waiting for [http://localhost:46978/status] to be available after 20005 ms
	at tests.CreateNewLineupQuestionsTests.navigateToCreateNewLineupQuestionsPage(CreateNewLineupQuestionsTests.java:28)
	at tests.CreateNewLineupQuestionsTests.verifyCancelButtonisDisplayed(CreateNewLineupQuestionsTests.java:200)
Caused by: java.util.concurrent.TimeoutException
	at tests.CreateNewLineupQuestionsTests.navigateToCreateNewLineupQuestionsPage(CreateNewLineupQuestionsTests.java:28)
	at tests.CreateNewLineupQuestionsTests.verifyCancelButtonisDisplayed(CreateNewLineupQuestionsTests.java:200)
</failure>
    <system-err><![CDATA[Oct 29, 2018 8:43:47 PM org.openqa.selenium.os.OsProcess checkForError
SEVERE: org.apache.commons.exec.ExecuteException: Execution failed (Exit value: -559038737. Caused by java.io.IOException: Cannot run program "/Users/tellsworth16/Documents/Career/Selenium/chromedriver" (in directory "."): error=2, No such file or directory)
]]></system-err>
  </testcase>
  <testcase name="closeBrowser" classname="tests.CreateNewLineupQuestionsTests" time="33.425">
    <failure type="java.lang.NullPointerException">java.lang.NullPointerException
	at tests.CreateNewLineupQuestionsTests.closeBrowser(CreateNewLineupQuestionsTests.java:51)
</failure>
    <system-err><![CDATA[java.lang.NullPointerException
	at resources.TestBase.getScreenshot(TestBase.java:79)
	at tests.Listeners.onTestFailure(Listeners.java:31)
	at org.testng.internal.Invoker.runTestListeners(Invoker.java:1731)
	at org.testng.internal.Invoker.runTestListeners(Invoker.java:1714)
	at org.testng.internal.Invoker.invokeMethod(Invoker.java:714)
	at org.testng.internal.Invoker.invokeTestMethod(Invoker.java:869)
	at org.testng.internal.Invoker.invokeTestMethods(Invoker.java:1193)
	at org.testng.internal.TestMethodWorker.invokeTestMethods(TestMethodWorker.java:126)
	at org.testng.internal.TestMethodWorker.run(TestMethodWorker.java:109)
	at org.testng.TestRunner.privateRun(TestRunner.java:744)
	at org.testng.TestRunner.run(TestRunner.java:602)
	at org.testng.SuiteRunner.runTest(SuiteRunner.java:380)
	at org.testng.SuiteRunner.runSequentially(SuiteRunner.java:375)
	at org.testng.SuiteRunner.privateRun(SuiteRunner.java:340)
	at org.testng.SuiteRunner.run(SuiteRunner.java:289)
	at org.testng.SuiteRunnerWorker.runSuite(SuiteRunnerWorker.java:52)
	at org.testng.SuiteRunnerWorker.run(SuiteRunnerWorker.java:86)
	at org.testng.TestNG.runSuitesSequentially(TestNG.java:1301)
	at org.testng.TestNG.runSuitesLocally(TestNG.java:1226)
	at org.testng.TestNG.runSuites(TestNG.java:1144)
	at org.testng.TestNG.run(TestNG.java:1115)
	at org.apache.maven.surefire.testng.TestNGExecutor.run(TestNGExecutor.java:283)
	at org.apache.maven.surefire.testng.TestNGXmlTestSuite.execute(TestNGXmlTestSuite.java:75)
	at org.apache.maven.surefire.testng.TestNGProvider.invoke(TestNGProvider.java:120)
	at org.apache.maven.surefire.booter.ForkedBooter.invokeProviderInSameClassLoader(ForkedBooter.java:383)
	at org.apache.maven.surefire.booter.ForkedBooter.runSuitesInProcess(ForkedBooter.java:344)
	at org.apache.maven.surefire.booter.ForkedBooter.execute(ForkedBooter.java:125)
	at org.apache.maven.surefire.booter.ForkedBooter.main(ForkedBooter.java:417)
]]></system-err>
  </testcase>
  <testcase name="verifyNavtigateToCreateLineupPage" classname="tests.CreateNewLineupQuestionsTests" time="0">
    <skipped/>
  </testcase>
  <testcase name="verifyFirstQuestionisDisplayed" classname="tests.CreateNewLineupQuestionsTests" time="0">
    <skipped/>
  </testcase>
  <testcase name="verifySecondQuestionisNotDisplayed" classname="tests.CreateNewLineupQuestionsTests" time="0">
    <skipped/>
  </testcase>
  <testcase name="verifySelectionOfSportRadioButtons" classname="tests.CreateNewLineupQuestionsTests" time="0">
    <skipped/>
  </testcase>
  <testcase name="verifySecondQuestionisDisplayed" classname="tests.CreateNewLineupQuestionsTests" time="0">
    <skipped/>
  </testcase>
  <testcase name="verifyThirdQuestionisNotDisplayed" classname="tests.CreateNewLineupQuestionsTests" time="0">
    <skipped/>
  </testcase>
  <testcase name="verifySelectionOfGameVariantRadioButtons" classname="tests.CreateNewLineupQuestionsTests" time="0">
    <skipped/>
  </testcase>
  <testcase name="verifyThirdQuestionisDisplayed" classname="tests.CreateNewLineupQuestionsTests" time="0">
    <skipped/>
  </testcase>
  <testcase name="verifyContinueButtonIsNotDisplayed" classname="tests.CreateNewLineupQuestionsTests" time="0">
    <skipped/>
  </testcase>
  <testcase name="verifySelectionOfContestStartDateRadioButtons" classname="tests.CreateNewLineupQuestionsTests" time="0">
    <skipped/>
  </testcase>
  <testcase name="verifyContinueButtonIsDisplayed" classname="tests.CreateNewLineupQuestionsTests" time="0">
    <skipped/>
  </testcase>
</testsuite>