<?xml version="1.0" encoding="UTF-8"?>
<testng-results ignored="0" total="12" passed="12" failed="0" skipped="0">
  <reporter-output>
  </reporter-output>
  <suite started-at="2018-10-30T01:15:34Z" name="Suite" finished-at="2018-10-30T01:20:54Z" duration-ms="320074">
    <groups>
    </groups>
    <test started-at="2018-10-30T01:15:34Z" name="Testing Home Page" finished-at="2018-10-30T01:20:54Z" duration-ms="320074">
      <class name="tests.CreateNewLineupQuestionsTests">
        <test-method signature="verifyCancelButtonisDisplayed()[pri:0, instance:tests.CreateNewLineupQuestionsTests@7c83dc97]" started-at="2018-10-30T01:15:34Z" name="verifyCancelButtonisDisplayed" finished-at="2018-10-30T01:15:57Z" duration-ms="23413" status="PASS">
          <reporter-output>
          </reporter-output>
        </test-method> <!-- verifyCancelButtonisDisplayed -->
        <test-method is-config="true" signature="closeBrowser()[pri:0, instance:tests.CreateNewLineupQuestionsTests@7c83dc97]" started-at="2018-10-30T01:15:57Z" name="closeBrowser" finished-at="2018-10-30T01:15:57Z" duration-ms="160" status="PASS">
          <reporter-output>
          </reporter-output>
        </test-method> <!-- closeBrowser -->
        <test-method signature="verifyNavtigateToCreateLineupPage()[pri:1, instance:tests.CreateNewLineupQuestionsTests@7c83dc97]" started-at="2018-10-30T01:15:57Z" name="verifyNavtigateToCreateLineupPage" finished-at="2018-10-30T01:16:26Z" duration-ms="28408" status="PASS">
          <reporter-output>
          </reporter-output>
        </test-method> <!-- verifyNavtigateToCreateLineupPage -->
        <test-method is-config="true" signature="closeBrowser()[pri:0, instance:tests.CreateNewLineupQuestionsTests@7c83dc97]" started-at="2018-10-30T01:16:26Z" name="closeBrowser" finished-at="2018-10-30T01:16:26Z" duration-ms="106" status="PASS">
          <reporter-output>
          </reporter-output>
        </test-method> <!-- closeBrowser -->
        <test-method signature="verifyFirstQuestionisDisplayed()[pri:2, instance:tests.CreateNewLineupQuestionsTests@7c83dc97]" started-at="2018-10-30T01:16:26Z" name="verifyFirstQuestionisDisplayed" finished-at="2018-10-30T01:16:55Z" duration-ms="29275" status="PASS">
          <reporter-output>
          </reporter-output>
        </test-method> <!-- verifyFirstQuestionisDisplayed -->
        <test-method is-config="true" signature="closeBrowser()[pri:0, instance:tests.CreateNewLineupQuestionsTests@7c83dc97]" started-at="2018-10-30T01:16:55Z" name="closeBrowser" finished-at="2018-10-30T01:16:55Z" duration-ms="108" status="PASS">
          <reporter-output>
          </reporter-output>
        </test-method> <!-- closeBrowser -->
        <test-method signature="verifySecondQuestionisNotDisplayed()[pri:3, instance:tests.CreateNewLineupQuestionsTests@7c83dc97]" started-at="2018-10-30T01:16:55Z" name="verifySecondQuestionisNotDisplayed" finished-at="2018-10-30T01:17:13Z" duration-ms="18260" status="PASS">
          <reporter-output>
          </reporter-output>
        </test-method> <!-- verifySecondQuestionisNotDisplayed -->
        <test-method is-config="true" signature="closeBrowser()[pri:0, instance:tests.CreateNewLineupQuestionsTests@7c83dc97]" started-at="2018-10-30T01:17:13Z" name="closeBrowser" finished-at="2018-10-30T01:17:13Z" duration-ms="106" status="PASS">
          <reporter-output>
          </reporter-output>
        </test-method> <!-- closeBrowser -->
        <test-method signature="verifySelectionOfSportRadioButtons()[pri:4, instance:tests.CreateNewLineupQuestionsTests@7c83dc97]" started-at="2018-10-30T01:17:13Z" name="verifySelectionOfSportRadioButtons" finished-at="2018-10-30T01:18:07Z" duration-ms="53802" status="PASS">
          <reporter-output>
          </reporter-output>
        </test-method> <!-- verifySelectionOfSportRadioButtons -->
        <test-method is-config="true" signature="closeBrowser()[pri:0, instance:tests.CreateNewLineupQuestionsTests@7c83dc97]" started-at="2018-10-30T01:18:07Z" name="closeBrowser" finished-at="2018-10-30T01:18:07Z" duration-ms="108" status="PASS">
          <reporter-output>
          </reporter-output>
        </test-method> <!-- closeBrowser -->
        <test-method signature="verifySecondQuestionisDisplayed()[pri:5, instance:tests.CreateNewLineupQuestionsTests@7c83dc97]" started-at="2018-10-30T01:18:07Z" name="verifySecondQuestionisDisplayed" finished-at="2018-10-30T01:18:21Z" duration-ms="13277" status="PASS">
          <reporter-output>
          </reporter-output>
        </test-method> <!-- verifySecondQuestionisDisplayed -->
        <test-method is-config="true" signature="closeBrowser()[pri:0, instance:tests.CreateNewLineupQuestionsTests@7c83dc97]" started-at="2018-10-30T01:18:21Z" name="closeBrowser" finished-at="2018-10-30T01:18:21Z" duration-ms="166" status="PASS">
          <reporter-output>
          </reporter-output>
        </test-method> <!-- closeBrowser -->
        <test-method signature="verifyThirdQuestionisNotDisplayed()[pri:6, instance:tests.CreateNewLineupQuestionsTests@7c83dc97]" started-at="2018-10-30T01:18:21Z" name="verifyThirdQuestionisNotDisplayed" finished-at="2018-10-30T01:18:34Z" duration-ms="12842" status="PASS">
          <reporter-output>
          </reporter-output>
        </test-method> <!-- verifyThirdQuestionisNotDisplayed -->
        <test-method is-config="true" signature="closeBrowser()[pri:0, instance:tests.CreateNewLineupQuestionsTests@7c83dc97]" started-at="2018-10-30T01:18:34Z" name="closeBrowser" finished-at="2018-10-30T01:18:34Z" duration-ms="168" status="PASS">
          <reporter-output>
          </reporter-output>
        </test-method> <!-- closeBrowser -->
        <test-method signature="verifySelectionOfGameVariantRadioButtons()[pri:7, instance:tests.CreateNewLineupQuestionsTests@7c83dc97]" started-at="2018-10-30T01:18:34Z" name="verifySelectionOfGameVariantRadioButtons" finished-at="2018-10-30T01:19:02Z" duration-ms="28296" status="PASS">
          <reporter-output>
          </reporter-output>
        </test-method> <!-- verifySelectionOfGameVariantRadioButtons -->
        <test-method is-config="true" signature="closeBrowser()[pri:0, instance:tests.CreateNewLineupQuestionsTests@7c83dc97]" started-at="2018-10-30T01:19:02Z" name="closeBrowser" finished-at="2018-10-30T01:19:02Z" duration-ms="108" status="PASS">
          <reporter-output>
          </reporter-output>
        </test-method> <!-- closeBrowser -->
        <test-method signature="verifyThirdQuestionisDisplayed()[pri:8, instance:tests.CreateNewLineupQuestionsTests@7c83dc97]" started-at="2018-10-30T01:19:02Z" name="verifyThirdQuestionisDisplayed" finished-at="2018-10-30T01:19:31Z" duration-ms="29118" status="PASS">
          <reporter-output>
          </reporter-output>
        </test-method> <!-- verifyThirdQuestionisDisplayed -->
        <test-method is-config="true" signature="closeBrowser()[pri:0, instance:tests.CreateNewLineupQuestionsTests@7c83dc97]" started-at="2018-10-30T01:19:31Z" name="closeBrowser" finished-at="2018-10-30T01:19:32Z" duration-ms="169" status="PASS">
          <reporter-output>
          </reporter-output>
        </test-method> <!-- closeBrowser -->
        <test-method signature="verifyContinueButtonIsNotDisplayed()[pri:9, instance:tests.CreateNewLineupQuestionsTests@7c83dc97]" started-at="2018-10-30T01:19:32Z" name="verifyContinueButtonIsNotDisplayed" finished-at="2018-10-30T01:19:45Z" duration-ms="13924" status="PASS">
          <reporter-output>
          </reporter-output>
        </test-method> <!-- verifyContinueButtonIsNotDisplayed -->
        <test-method is-config="true" signature="closeBrowser()[pri:0, instance:tests.CreateNewLineupQuestionsTests@7c83dc97]" started-at="2018-10-30T01:19:45Z" name="closeBrowser" finished-at="2018-10-30T01:19:46Z" duration-ms="107" status="PASS">
          <reporter-output>
          </reporter-output>
        </test-method> <!-- closeBrowser -->
        <test-method signature="verifySelectionOfContestStartDateRadioButtons()[pri:10, instance:tests.CreateNewLineupQuestionsTests@7c83dc97]" started-at="2018-10-30T01:19:46Z" name="verifySelectionOfContestStartDateRadioButtons" finished-at="2018-10-30T01:20:25Z" duration-ms="39062" status="PASS">
          <reporter-output>
          </reporter-output>
        </test-method> <!-- verifySelectionOfContestStartDateRadioButtons -->
        <test-method is-config="true" signature="closeBrowser()[pri:0, instance:tests.CreateNewLineupQuestionsTests@7c83dc97]" started-at="2018-10-30T01:20:25Z" name="closeBrowser" finished-at="2018-10-30T01:20:25Z" duration-ms="158" status="PASS">
          <reporter-output>
          </reporter-output>
        </test-method> <!-- closeBrowser -->
        <test-method signature="verifyContinueButtonIsDisplayed()[pri:11, instance:tests.CreateNewLineupQuestionsTests@7c83dc97]" started-at="2018-10-30T01:20:25Z" name="verifyContinueButtonIsDisplayed" finished-at="2018-10-30T01:20:54Z" duration-ms="28749" status="PASS">
          <reporter-output>
          </reporter-output>
        </test-method> <!-- verifyContinueButtonIsDisplayed -->
        <test-method is-config="true" signature="closeBrowser()[pri:0, instance:tests.CreateNewLineupQuestionsTests@7c83dc97]" started-at="2018-10-30T01:20:54Z" name="closeBrowser" finished-at="2018-10-30T01:20:54Z" duration-ms="148" status="PASS">
          <reporter-output>
          </reporter-output>
        </test-method> <!-- closeBrowser -->
      </class> <!-- tests.CreateNewLineupQuestionsTests -->
    </test> <!-- Testing Home Page -->
  </suite> <!-- Suite -->
</testng-results>
